TN:
SF:app.js
FN:22,(anonymous_0)
FN:30,(anonymous_1)
FN:39,(anonymous_2)
FN:48,(anonymous_3)
FNF:4
FNH:1
FNDA:0,(anonymous_0)
FNDA:0,(anonymous_1)
FNDA:1,(anonymous_2)
FNDA:0,(anonymous_3)
DA:2,1
DA:4,1
DA:5,1
DA:6,1
DA:8,1
DA:9,1
DA:12,1
DA:22,1
DA:23,0
DA:26,1
DA:27,1
DA:30,1
DA:31,0
DA:32,0
DA:39,1
DA:40,1
DA:47,1
DA:48,0
DA:49,0
DA:50,0
DA:51,0
DA:52,0
DA:56,1
LF:23
LH:15
BRDA:9,0,0,1
BRDA:9,0,1,0
BRDA:47,1,0,0
BRDA:47,1,1,1
BRF:4
BRH:2
end_of_record
TN:
SF:config\swagger.js
FNF:0
FNH:0
DA:1,1
DA:3,1
DA:164,1
DA:166,1
LF:4
LH:4
BRF:0
BRH:0
end_of_record
TN:
SF:controllers\controller.js
FN:7,(anonymous_0)
FN:46,(anonymous_1)
FN:57,(anonymous_2)
FN:97,(anonymous_3)
FN:147,(anonymous_4)
FN:151,(anonymous_5)
FN:184,(anonymous_6)
FNF:7
FNH:7
FNDA:1,(anonymous_0)
FNDA:3,(anonymous_1)
FNDA:3,(anonymous_2)
FNDA:1,(anonymous_3)
FNDA:2,(anonymous_4)
FNDA:3,(anonymous_5)
FNDA:1,(anonymous_6)
DA:1,1
DA:2,1
DA:3,1
DA:4,1
DA:5,1
DA:7,1
DA:9,1
DA:46,1
DA:47,3
DA:49,3
DA:50,1
DA:57,3
DA:59,2
DA:60,1
DA:67,1
DA:75,1
DA:97,1
DA:98,1
DA:147,1
DA:148,2
DA:151,3
DA:153,2
DA:154,1
DA:161,1
DA:163,1
DA:184,1
DA:185,1
DA:189,1
LF:28
LH:28
BRDA:49,0,0,1
BRDA:49,0,1,2
BRDA:59,1,0,1
BRDA:59,1,1,1
BRDA:153,2,0,1
BRDA:153,2,1,1
BRF:6
BRH:6
end_of_record
TN:
SF:middleware\role.js
FN:3,(anonymous_0)
FN:4,(anonymous_1)
FNF:2
FNH:2
FNDA:1,(anonymous_0)
FNDA:6,(anonymous_1)
DA:1,1
DA:3,1
DA:4,1
DA:5,6
DA:7,6
DA:9,6
DA:10,2
DA:16,4
DA:19,4
DA:22,3
DA:23,1
DA:30,2
DA:31,2
DA:33,1
DA:34,1
DA:39,0
DA:40,0
DA:45,0
DA:53,1
LF:19
LH:16
BRDA:9,0,0,2
BRDA:9,0,1,4
BRDA:9,1,0,6
BRDA:9,1,1,5
BRDA:22,2,0,1
BRDA:22,2,1,2
BRDA:33,3,0,1
BRDA:33,3,1,0
BRDA:39,4,0,0
BRDA:39,4,1,0
BRF:10
BRH:7
end_of_record
